<?xml version="1.0" encoding="UTF-8"?>
<!-- Generated by org.testng.reporters.JUnitReportReporter -->
<testsuite hostname="DELL-G7-7588" failures="0" tests="2" name="rahulshettyacademy.tests.ErrorValidationsTest" time="23.937" errors="0" timestamp="2023-07-04T12:20:37 BRT" skipped="0">
  <testcase classname="rahulshettyacademy.tests.ErrorValidationsTest" name="ProductErrorValidation" time="14.801"/>
  <testcase classname="rahulshettyacademy.tests.ErrorValidationsTest" name="LoginErrorValidation" time="9.136"/>
</testsuite> <!-- rahulshettyacademy.tests.ErrorValidationsTest -->
