<?xml version="1.0" encoding="UTF-8"?>
<!-- Generated by org.testng.reporters.JUnitReportReporter -->
<testsuite hostname="DELL-G7-7588" failures="0" tests="2" name="cucumber.TestNGTestRunner" time="22.920" errors="0" timestamp="2023-07-06T12:16:56 BRT" skipped="0">
  <testcase classname="cucumber.TestNGTestRunner" name="runScenario" time="12.460"/>
  <testcase classname="cucumber.TestNGTestRunner" name="runScenario" time="10.460"/>
</testsuite> <!-- cucumber.TestNGTestRunner -->
